c:\users\dyera\onedrive\desktop\zombie\zombiedash-skeleton-windows (1)\zombiedash\zombiedash\debug\vc141.pdb
c:\users\dyera\onedrive\desktop\zombie\zombiedash-skeleton-windows (1)\zombiedash\zombiedash\debug\vc141.idb
c:\users\dyera\onedrive\desktop\zombie\zombiedash-skeleton-windows (1)\zombiedash\zombiedash\debug\studentworld.obj
c:\users\dyera\onedrive\desktop\zombie\zombiedash-skeleton-windows (1)\zombiedash\zombiedash\debug\main.obj
c:\users\dyera\onedrive\desktop\zombie\zombiedash-skeleton-windows (1)\zombiedash\zombiedash\debug\gameworld.obj
c:\users\dyera\onedrive\desktop\zombie\zombiedash-skeleton-windows (1)\zombiedash\zombiedash\debug\gamecontroller.obj
c:\users\dyera\onedrive\desktop\zombie\zombiedash-skeleton-windows (1)\zombiedash\zombiedash\debug\actor.obj
c:\users\dyera\onedrive\desktop\zombie\zombiedash-skeleton-windows (1)\zombiedash\zombiedash\debug\vcpkg.applocal.log
c:\users\dyera\onedrive\desktop\zombie\zombiedash-skeleton-windows (1)\zombiedash\debug\zombiedash.pdb
c:\users\dyera\onedrive\desktop\zombie\zombiedash-skeleton-windows (1)\zombiedash\zombiedash\debug\zombiedash.tlog\cl.command.1.tlog
c:\users\dyera\onedrive\desktop\zombie\zombiedash-skeleton-windows (1)\zombiedash\zombiedash\debug\zombiedash.tlog\cl.read.1.tlog
c:\users\dyera\onedrive\desktop\zombie\zombiedash-skeleton-windows (1)\zombiedash\zombiedash\debug\zombiedash.tlog\cl.write.1.tlog
c:\users\dyera\onedrive\desktop\zombie\zombiedash-skeleton-windows (1)\zombiedash\zombiedash\debug\zombiedash.tlog\link-cvtres.read.1.tlog
c:\users\dyera\onedrive\desktop\zombie\zombiedash-skeleton-windows (1)\zombiedash\zombiedash\debug\zombiedash.tlog\link-cvtres.write.1.tlog
c:\users\dyera\onedrive\desktop\zombie\zombiedash-skeleton-windows (1)\zombiedash\zombiedash\debug\zombiedash.tlog\link-rc.read.1.tlog
c:\users\dyera\onedrive\desktop\zombie\zombiedash-skeleton-windows (1)\zombiedash\zombiedash\debug\zombiedash.tlog\link-rc.write.1.tlog
c:\users\dyera\onedrive\desktop\zombie\zombiedash-skeleton-windows (1)\zombiedash\zombiedash\debug\zombiedash.tlog\link.15828-cvtres.read.1.tlog
c:\users\dyera\onedrive\desktop\zombie\zombiedash-skeleton-windows (1)\zombiedash\zombiedash\debug\zombiedash.tlog\link.15828-cvtres.write.1.tlog
c:\users\dyera\onedrive\desktop\zombie\zombiedash-skeleton-windows (1)\zombiedash\zombiedash\debug\zombiedash.tlog\link.15828-rc.read.1.tlog
c:\users\dyera\onedrive\desktop\zombie\zombiedash-skeleton-windows (1)\zombiedash\zombiedash\debug\zombiedash.tlog\link.15828-rc.write.1.tlog
c:\users\dyera\onedrive\desktop\zombie\zombiedash-skeleton-windows (1)\zombiedash\zombiedash\debug\zombiedash.tlog\link.15828.read.1.tlog
c:\users\dyera\onedrive\desktop\zombie\zombiedash-skeleton-windows (1)\zombiedash\zombiedash\debug\zombiedash.tlog\link.15828.write.1.tlog
c:\users\dyera\onedrive\desktop\zombie\zombiedash-skeleton-windows (1)\zombiedash\zombiedash\debug\zombiedash.tlog\link.command.1.tlog
c:\users\dyera\onedrive\desktop\zombie\zombiedash-skeleton-windows (1)\zombiedash\zombiedash\debug\zombiedash.tlog\link.read.1.tlog
c:\users\dyera\onedrive\desktop\zombie\zombiedash-skeleton-windows (1)\zombiedash\zombiedash\debug\zombiedash.tlog\link.write.1.tlog
c:\users\dyera\onedrive\desktop\zombie\zombiedash-skeleton-windows (1)\zombiedash\zombiedash\debug\zombiedash.tlog\zombiedash.write.1u.tlog
